2024-07-04T07:24:12.880Z info: Server is running on port 3000
2024-07-04T07:25:37.040Z info: check verfication
2024-07-04T08:48:39.604Z error: Failed to sync database: connect ETIMEDOUT
2024-07-04T12:18:26.147Z info: Server is running on port 3000
2024-07-04T12:18:38.556Z info: check verfication
2024-07-04T12:18:50.847Z error: Error: Failed to send XML data
2024-07-04T12:26:20.083Z info: Server is running on port 3000
2024-07-04T12:28:53.894Z error: Refresh: Error creating token: Request failed with status code 401
2024-07-04T12:28:55.587Z error: Refresh: Error creating token: Request failed with status code 401
2024-07-04T12:39:24.602Z info: Server is running on port 3000
2024-07-04T12:41:21.066Z info: Server is running on port 3000
2024-07-04T12:45:33.517Z info: Server is running on port 3000
2024-07-04T12:52:01.449Z info: Server is running on port 3000
2024-07-04T12:53:47.966Z info: Server is running on port 3000
2024-07-04T12:56:35.030Z info: Server is running on port 3000
2024-07-04T12:58:38.757Z info: Server is running on port 3000
2024-07-04T12:58:42.153Z error: Error retrieving token: Converting circular structure to JSON
    --> starting at object with constructor 'ClientRequest'
    |     property 'res' -> object with constructor 'IncomingMessage'
    --- property 'req' closes the circle
2024-07-04T13:00:42.531Z info: Server is running on port 3000
2024-07-04T13:01:29.802Z error: Error: Failed to send XML data
2024-07-04T13:01:31.575Z error: Error: Failed to send XML data
2024-07-04T13:03:52.850Z info: Server is running on port 3000
2024-07-04T13:04:24.289Z error: Refresh: Error creating token: notNull Violation: token_list.accessToken cannot be null,
notNull Violation: token_list.refreshToken cannot be null
2024-07-04T13:05:59.022Z info: Server is running on port 3000
2024-07-04T13:06:04.411Z error: Refresh: Error creating token: notNull Violation: token_list.accessToken cannot be null,
notNull Violation: token_list.refreshToken cannot be null
2024-07-04T13:06:05.933Z error: Refresh: Error creating token: notNull Violation: token_list.accessToken cannot be null,
notNull Violation: token_list.refreshToken cannot be null
2024-07-04T13:06:07.711Z error: Refresh: Error creating token: notNull Violation: token_list.accessToken cannot be null,
notNull Violation: token_list.refreshToken cannot be null
2024-07-04T13:07:48.834Z info: Server is running on port 3000
2024-07-04T13:14:39.959Z info: Server is running on port 3000
2024-07-04T13:15:56.752Z info: Server is running on port 3000
2024-07-04T13:16:31.495Z info: Server is running on port 3000
2024-07-04T13:17:39.191Z info: Server is running on port 3000
2024-07-04T13:18:15.761Z info: Server is running on port 3000
2024-07-04T13:20:00.125Z info: Server is running on port 3000
2024-07-04T13:21:06.529Z info: Server is running on port 3000
2024-07-04T13:22:57.497Z info: Server is running on port 3000
2024-07-04T13:24:41.024Z info: Server is running on port 3000
2024-07-04T13:25:25.637Z info: Server is running on port 3000
2024-07-04T13:26:41.816Z info: Server is running on port 3000
2024-07-04T13:31:26.499Z info: Server is running on port 3000
2024-07-04T13:34:23.388Z info: Server is running on port 3000
2024-07-04T13:35:08.482Z info: Server is running on port 3000
2024-07-04T13:40:28.684Z info: Server is running on port 3000
2024-07-04T13:41:52.171Z info: Server is running on port 3000
2024-07-04T13:43:40.746Z info: Server is running on port 3000
2024-07-04T13:44:36.814Z info: Server is running on port 3000
2024-07-04T13:44:43.545Z error: Error: Failed to send XML data
2024-07-04T13:53:02.314Z info: Server is running on port 3000
2024-07-04T13:53:07.545Z error: Error: Failed to send XML data
2024-07-04T13:54:25.802Z info: Server is running on port 3000
2024-07-04T13:54:32.662Z error: Error: Failed to send XML data
2024-07-04T13:55:34.762Z info: Server is running on port 3000
2024-07-04T13:55:42.866Z error: Error: Failed to send XML data
2024-07-04T13:56:58.312Z info: Server is running on port 3000
2024-07-04T13:57:02.499Z error: Error: Failed to send XML data
2024-07-04T13:57:38.846Z info: Server is running on port 3000
2024-07-04T13:58:24.781Z info: Server is running on port 3000
2024-07-04T13:58:28.178Z error: Error: Failed to send XML data
2024-07-04T13:59:23.994Z info: Server is running on port 3000
2024-07-04T13:59:33.064Z error: Error: Failed to send XML data
2024-07-04T13:59:43.517Z info: Server is running on port 3000
2024-07-04T13:59:48.351Z error: Error: Failed to send XML data
2024-07-04T14:01:17.404Z info: Server is running on port 3000
2024-07-04T14:01:20.125Z error: Error: Failed to send XML data
2024-07-04T14:02:26.936Z info: Server is running on port 3000
2024-07-04T14:02:33.445Z error: Error: Failed to send XML data
2024-07-04T14:04:53.905Z info: Server is running on port 3000
2024-07-04T14:04:58.705Z error: Error: Failed to send XML data
2024-07-04T14:10:15.392Z info: Server is running on port 3000
2024-07-04T14:10:20.601Z error: Error: Failed to send XML data
2024-07-04T14:15:47.879Z info: Server is running on port 3000
2024-07-04T14:15:52.914Z error: Error: Failed to send XML data
2024-07-04T14:17:11.107Z info: Server is running on port 3000
2024-07-04T14:17:27.108Z info: Server is running on port 3000
2024-07-04T14:17:33.231Z error: Error: Failed to send XML data
2024-07-04T14:19:00.877Z info: Server is running on port 3000
2024-07-04T14:20:18.945Z info: Server is running on port 3000
2024-07-04T14:20:21.157Z error: Error: Failed to send XML data
2024-07-04T14:21:27.768Z info: Server is running on port 3000
2024-07-04T14:21:32.330Z error: Error: Failed to send XML data
2024-07-04T14:22:32.947Z error: Error: Failed to send XML data
2024-07-04T14:23:19.413Z info: Server is running on port 3000
2024-07-04T14:24:34.494Z error: Error: Failed to send XML data
2024-07-04T14:27:51.260Z info: Server is running on port 3000
2024-07-04T14:27:55.309Z error: Error: Failed to send XML data
2024-07-04T14:28:54.048Z info: Server is running on port 3000
2024-07-04T14:28:58.203Z error: Error: Failed to send XML data
2024-07-04T14:30:04.198Z info: Server is running on port 3000
2024-07-04T14:30:08.057Z error: Error: Failed to send XML data
2024-07-04T14:32:03.076Z info: Server is running on port 3000
2024-07-04T14:32:09.127Z error: Error: Failed to send XML data
2024-07-04T14:33:59.548Z info: Server is running on port 3000
2024-07-04T14:34:21.518Z info: Server is running on port 3000
2024-07-04T14:34:25.439Z error: Error: Failed to send XML data
2024-07-04T14:35:41.433Z info: Server is running on port 3000
2024-07-04T14:36:10.619Z info: Server is running on port 3000
2024-07-04T14:37:36.264Z info: Server is running on port 3000
2024-07-04T14:37:41.149Z error: Error: Failed to send XML data
2024-07-04T14:39:39.161Z info: Server is running on port 3000
2024-07-04T14:39:44.329Z error: Error: Failed to send XML data
2024-07-04T14:42:32.348Z info: Server is running on port 3000
2024-07-04T14:44:08.674Z info: Server is running on port 3000
2024-07-04T14:44:15.399Z error: Error: Failed to send XML data
2024-07-04T14:49:44.116Z info: Server is running on port 3000
2024-07-04T14:49:49.596Z error: Error: Failed to send XML data
2024-07-04T14:53:15.065Z info: Server is running on port 3000
2024-07-04T14:53:36.360Z info: Server is running on port 3000
2024-07-04T14:54:32.577Z info: Server is running on port 3000
2024-07-04T14:56:25.998Z info: Server is running on port 3000
2024-07-04T14:56:29.681Z error: Error: Failed to send XML data
2024-07-04T14:58:51.160Z info: Server is running on port 3000
2024-07-04T14:58:58.081Z error: Error: Failed to send XML data
2024-07-04T15:07:45.297Z info: Server is running on port 3000
2024-07-04T15:07:59.589Z error: Error: Failed to send XML data
2024-07-04T15:08:52.952Z info: Server is running on port 3000
2024-07-04T15:08:59.257Z error: Error: Failed to send XML data
2024-07-04T15:09:38.071Z info: Server is running on port 3000
2024-07-04T15:09:59.800Z error: Error: Failed to send XML data
2024-07-04T15:11:21.204Z info: Server is running on port 3000
2024-07-04T15:12:07.702Z error: Error: Failed to send XML data
2024-07-04T15:12:31.866Z info: Server is running on port 3000
2024-07-04T15:12:45.415Z error: Error: Failed to send XML data
2024-07-04T15:15:20.810Z info: Server is running on port 3000
2024-07-04T15:16:33.352Z info: Server is running on port 3000
2024-07-04T15:16:36.697Z error: Error: Failed to send XML data
2024-07-04T15:18:09.757Z info: Server is running on port 3000
2024-07-04T15:18:26.721Z error: Error: Failed to send XML data
2024-07-04T15:19:23.176Z info: Server is running on port 3000
2024-07-04T15:19:27.628Z error: Error: Failed to send XML data
2024-07-04T15:20:14.165Z info: Server is running on port 3000
2024-07-04T15:20:33.019Z info: Server is running on port 3000
2024-07-04T15:20:40.104Z error: Error: Failed to send XML data
2024-07-04T15:21:23.100Z info: Server is running on port 3000
2024-07-04T15:21:26.803Z error: Error: Failed to send XML data
2024-07-04T15:24:16.873Z info: Server is running on port 3000
2024-07-04T15:24:22.913Z error: Error: Failed to send XML data
2024-07-04T15:26:42.044Z info: Server is running on port 3000
2024-07-04T15:30:03.219Z info: Server is running on port 3000
2024-07-04T15:30:09.631Z error: Error: Failed to send XML data
2024-07-04T15:35:58.810Z info: Server is running on port 3000
2024-07-04T15:36:03.305Z error: Error: Failed to send XML data
2024-07-04T15:39:42.490Z info: Server is running on port 3000
2024-07-04T15:40:00.173Z info: Server is running on port 3000
2024-07-04T15:40:26.991Z info: Server is running on port 3000
2024-07-04T15:41:25.514Z info: Server is running on port 3000
2024-07-04T15:42:04.239Z error: Error: Failed to send XML data
2024-07-04T15:43:00.279Z error: Error: Failed to send XML data
2024-07-04T15:44:17.618Z info: Server is running on port 3000
2024-07-04T15:45:00.765Z error: Error: Failed to send XML data
2024-07-04T15:47:24.857Z info: Server is running on port 3000
2024-07-04T15:48:00.952Z error: Error: Failed to send XML data
2024-07-04T15:51:17.734Z info: Server is running on port 3000
2024-07-04T15:51:53.004Z error: Error: Failed to send XML data
2024-07-04T15:53:25.207Z info: Server is running on port 3000
2024-07-04T15:53:52.580Z info: Server is running on port 3000
2024-07-04T15:54:29.211Z error: Error: Failed to send XML data
2024-07-04T15:54:31.115Z info: Server is running on port 3000
2024-07-04T15:54:49.174Z error: Error: Failed to send XML data
2024-07-04T15:54:51.549Z error: Error: Failed to send XML data
2024-07-05T04:57:19.071Z info: Server is running on port 3000
2024-07-05T04:58:22.455Z error: Error: Failed to send XML data
2024-07-05T05:21:50.151Z error: Error: Failed to send XML data
2024-07-05T05:22:12.743Z info: Server is running on port 3000
2024-07-05T05:22:27.833Z info: Server is running on port 3000
2024-07-05T05:22:36.396Z error: Error: Failed to send XML data
2024-07-05T05:24:33.408Z info: Server is running on port 3000
2024-07-05T05:24:42.179Z error: Error: Failed to send XML data
2024-07-05T05:25:00.363Z info: Server is running on port 3000
2024-07-05T05:25:05.942Z error: Error: Failed to send XML data
2024-07-05T05:26:17.634Z info: Server is running on port 3000
2024-07-05T05:27:08.795Z info: Server is running on port 3000
2024-07-05T05:27:19.515Z error: Error: Failed to send XML data
2024-07-05T05:43:49.141Z info: Server is running on port 3000
2024-07-05T05:44:05.971Z error: Error: Failed to send XML data
2024-07-05T05:47:01.635Z info: Server is running on port 3000
2024-07-05T05:49:49.336Z info: Server is running on port 3000
2024-07-05T05:49:54.556Z error: Error: Failed to send XML data
2024-07-05T05:51:53.146Z info: Server is running on port 3000
2024-07-05T05:52:11.476Z error: Error: Failed to send XML data
2024-07-05T05:53:20.307Z info: Server is running on port 3000
2024-07-05T05:53:21.693Z error: Error: Failed to send XML data
2024-07-05T05:57:42.482Z info: Server is running on port 3000
2024-07-05T05:57:50.835Z error: Error: Failed to send XML data
2024-07-05T06:06:34.087Z error: Error: Failed to send XML data
2024-07-05T06:06:37.420Z error: Error: Failed to send XML data
2024-07-05T06:08:33.967Z error: Error: Failed to send XML data
2024-07-05T06:09:49.563Z info: Server is running on port 3000
2024-07-05T06:17:05.812Z info: Server is running on port 3000
2024-07-05T06:18:53.720Z info: Server is running on port 3000
2024-07-05T06:19:59.557Z info: Server is running on port 3000
2024-07-05T06:21:24.833Z info: Server is running on port 3000
2024-07-05T06:22:19.925Z info: Server is running on port 3000
2024-07-05T06:23:13.976Z info: Server is running on port 3000
2024-07-05T06:25:24.563Z info: Server is running on port 3000
2024-07-05T06:25:51.987Z info: Server is running on port 3000
2024-07-05T06:29:13.427Z info: Server is running on port 3000
2024-07-05T06:30:22.894Z info: Server is running on port 3000
2024-07-05T06:34:51.349Z info: Server is running on port 3000
2024-07-05T06:36:02.522Z info: Server is running on port 3000
2024-07-05T06:37:50.000Z info: Server is running on port 3000
2024-07-05T06:45:19.560Z info: Server is running on port 3000
2024-07-05T06:53:19.562Z info: Server is running on port 3000
2024-07-05T06:54:09.441Z info: Server is running on port 3000
2024-07-05T06:55:31.021Z info: Server is running on port 3000
2024-07-05T06:59:34.361Z info: Server is running on port 3000
2024-07-05T07:02:34.268Z info: Server is running on port 3000
2024-07-05T07:02:53.827Z info: Server is running on port 3000
2024-07-05T07:03:06.558Z info: Server is running on port 3000
2024-07-05T07:13:25.062Z info: Server is running on port 3000
2024-07-05T07:14:17.847Z info: Server is running on port 3000
2024-07-05T07:15:12.716Z info: Server is running on port 3000
2024-07-05T07:15:22.468Z info: Server is running on port 3000
2024-07-05T07:18:42.372Z info: Server is running on port 3000
2024-07-05T07:19:33.339Z info: Server is running on port 3000
2024-07-05T07:20:02.265Z info: Server is running on port 3000
2024-07-05T07:20:14.420Z info: Server is running on port 3000
2024-07-05T07:32:59.680Z info: Server is running on port 3000
2024-07-05T07:35:11.933Z info: Server is running on port 3000
2024-07-05T07:37:16.153Z error: Refresh: Error creating token: Request failed with status code 401
2024-07-05T08:40:25.423Z info: Server is running on port 3000
2024-07-05T08:43:25.360Z info: Server is running on port 3000
2024-07-05T08:47:33.463Z info: Server is running on port 3000
2024-07-05T08:56:40.715Z info: Server is running on port 3000
2024-07-05T12:20:48.238Z info: Server is running on port 3000
2024-07-05T12:23:16.996Z info: Server is running on port 3000
2024-07-05T13:37:02.394Z info: Server is running on port 3000
2024-07-05T13:48:00.860Z info: Server is running on port 3000
2024-07-05T13:51:44.558Z info: Server is running on port 3000
2024-07-05T13:58:02.660Z info: Server is running on port 3000
2024-07-05T14:00:13.003Z info: Server is running on port 3000
2024-07-05T14:02:00.911Z info: Server is running on port 3000
2024-07-05T14:03:53.704Z info: Server is running on port 3000
2024-07-05T14:04:04.673Z info: Server is running on port 3000
2024-07-05T14:05:31.820Z info: Server is running on port 3000
2024-07-05T14:07:59.965Z info: Server is running on port 3000
2024-07-05T14:08:25.598Z info: Server is running on port 3000
2024-07-06T04:54:35.650Z info: Server is running on port 3000
2024-07-06T04:57:56.984Z info: Server is running on port 3000
2024-07-06T04:58:32.132Z info: Server is running on port 3000
2024-07-06T05:22:07.532Z info: Server is running on port 3000
2024-07-06T05:23:32.206Z info: Server is running on port 3000
2024-07-06T05:33:58.406Z info: Server is running on port 3000
2024-07-06T05:38:14.552Z info: Server is running on port 3000
2024-07-06T05:39:07.604Z info: Server is running on port 3000
2024-07-06T05:41:22.972Z info: Server is running on port 3000
2024-07-06T05:42:12.920Z info: Server is running on port 3000
2024-07-06T05:42:59.884Z info: Server is running on port 3000
2024-07-06T05:43:38.225Z info: Server is running on port 3000
2024-07-06T05:44:26.383Z info: Server is running on port 3000
2024-07-06T05:46:14.472Z info: Server is running on port 3000
2024-07-06T05:53:37.114Z info: Server is running on port 3000
2024-07-06T05:55:29.921Z info: Server is running on port 3000
2024-07-06T05:56:26.012Z info: Server is running on port 3000
2024-07-06T06:07:30.742Z info: Server is running on port 3000
2024-07-06T06:15:50.052Z info: Server is running on port 3000
2024-07-06T06:16:20.584Z info: Server is running on port 3000
2024-07-06T06:16:53.924Z info: Server is running on port 3000
2024-07-06T06:17:58.678Z info: Server is running on port 3000
2024-07-06T06:20:59.125Z info: Server is running on port 3000
2024-07-06T06:21:52.156Z info: Server is running on port 3000
2024-07-06T06:22:33.636Z info: Server is running on port 3000
2024-07-06T06:23:53.606Z info: Server is running on port 3000
2024-07-06T06:26:39.970Z info: Server is running on port 3000
2024-07-06T06:27:26.769Z info: Server is running on port 3000
2024-07-06T06:29:40.367Z info: Server is running on port 3000
2024-07-06T06:30:25.456Z info: Server is running on port 3000
2024-07-06T06:33:14.429Z info: Server is running on port 3000
2024-07-06T06:34:20.849Z info: Server is running on port 3000
2024-07-08T10:53:13.768Z info: Server is running on port 3000
2024-07-08T11:14:44.300Z info: Server is running on port 3000
2024-07-08T11:16:34.242Z info: check verfication
2024-07-08T11:16:42.563Z info: Converted JSON to XML
2024-07-08T11:17:32.422Z info: Server is running on port 3000
2024-07-08T11:26:43.919Z info: Server is running on port 3000
2024-07-08T11:29:38.575Z info: Server is running on port 3000
2024-07-08T11:31:59.389Z info: Server is running on port 3000
2024-07-08T11:44:07.905Z info: Server is running on port 3000
2024-07-08T11:46:07.540Z info: Server is running on port 3000
2024-07-08T11:51:10.270Z info: Server is running on port 3000
2024-07-08T11:54:23.581Z info: Server is running on port 3000
2024-07-08T11:54:34.260Z info: Server is running on port 3000
2024-07-08T11:55:18.423Z info: Server is running on port 3000
2024-07-08T11:56:49.728Z info: Server is running on port 3000
2024-07-08T11:57:17.764Z info: Server is running on port 3000
2024-07-08T12:01:10.606Z info: Server is running on port 3000
2024-07-08T12:01:46.387Z info: Server is running on port 3000
2024-07-08T12:02:31.649Z info: Server is running on port 3000
2024-07-08T12:04:24.986Z info: Server is running on port 3000
2024-07-08T12:07:39.538Z info: Server is running on port 3000
2024-07-08T12:09:03.183Z info: Server is running on port 3000
2024-07-08T12:14:34.291Z info: Server is running on port 3000
2024-07-08T12:14:59.565Z info: Server is running on port 3000
2024-07-08T12:15:59.490Z info: Server is running on port 3000
2024-07-08T12:16:11.724Z info: Server is running on port 3000
2024-07-08T12:17:20.320Z info: Server is running on port 3000
2024-07-08T12:21:49.833Z info: Server is running on port 3000
2024-07-08T12:23:08.252Z info: Server is running on port 3000
2024-07-08T12:27:41.573Z info: Server is running on port 3000
2024-07-08T12:28:38.608Z info: Server is running on port 3000
2024-07-08T12:29:35.727Z info: Server is running on port 3000
2024-07-08T12:30:57.214Z info: Server is running on port 3000
2024-07-08T12:31:25.602Z info: Server is running on port 3000
2024-07-08T13:09:56.637Z info: Server is running on port 3000
2024-07-08T13:56:22.744Z info: Server is running on port 3000
2024-07-08T13:56:25.527Z info: Server is running on port 3000
2024-07-08T13:57:00.437Z info: Server is running on port 3000
2024-07-09T04:54:59.723Z info: Server is running on port 3000
2024-07-09T05:16:29.173Z info: check verfication
2024-07-09T05:23:47.463Z info: Server is running on port 3000
2024-07-09T05:24:59.144Z info: Server is running on port 3000
2024-07-09T05:27:19.911Z info: Server is running on port 3000
2024-07-09T05:32:51.315Z info: Server is running on port 3000
2024-07-09T05:35:26.323Z info: Server is running on port 3000
2024-07-09T05:36:16.039Z info: Server is running on port 3000
2024-07-09T06:18:40.998Z info: Server is running on port 3000
2024-07-09T06:19:14.240Z info: check connection
2024-07-09T06:19:30.862Z info: check verfication
2024-07-09T06:19:40.756Z info: Server is running on port 3000
2024-07-09T06:20:29.984Z info: Server is running on port 3000
2024-07-09T06:20:33.007Z info: check push payment api 
2024-07-09T06:44:58.099Z info: check verfication
2024-07-09T06:49:47.725Z info: Server is running on port 3000
2024-07-09T06:50:37.505Z info: Server is running on port 3000
2024-07-09T06:50:50.334Z info: Server is running on port 3000
2024-07-09T06:54:21.811Z info: Server is running on port 3000
2024-07-09T06:54:32.626Z info: Server is running on port 3000
2024-07-09T06:56:52.386Z info: Server is running on port 3000
2024-07-09T07:00:23.739Z info: Server is running on port 3000
2024-07-09T07:00:32.530Z info: check verfication
2024-07-09T07:02:46.898Z info: Server is running on port 3000
2024-07-09T07:13:32.861Z info: Server is running on port 3000
2024-07-09T07:13:45.435Z info: Server is running on port 3000
2024-07-09T07:15:05.948Z info: check verfication
2024-07-09T07:15:49.193Z info: Server is running on port 3000
2024-07-09T07:16:00.863Z info: Server is running on port 3000
2024-07-09T07:16:05.783Z info: check verfication
2024-07-09T07:18:37.160Z info: Server is running on port 3000
2024-07-09T07:19:30.359Z info: Server is running on port 3000
2024-07-09T07:23:06.477Z info: Server is running on port 3000
2024-07-09T07:24:55.444Z info: Server is running on port 3000
2024-07-09T07:25:34.230Z info: Server is running on port 3000
2024-07-09T07:25:48.103Z info: check connection
2024-07-09T07:28:24.033Z info: Server is running on port 3000
2024-07-09T07:28:54.110Z info: Server is running on port 3000
2024-07-09T07:28:56.551Z info: check access controller work
2024-07-09T07:29:12.536Z info: Server is running on port 3000
2024-07-09T07:31:36.276Z info: Server is running on port 3000
2024-07-09T07:34:29.878Z info: Server is running on port 3000
2024-07-09T07:39:34.613Z info: Server is running on port 3000
2024-07-09T07:40:15.509Z info: check push payment api 
2024-07-09T07:43:04.803Z info: Server is running on port 3000
2024-07-09T07:43:25.845Z info: Server is running on port 3000
2024-07-09T07:44:51.812Z info: Server is running on port 3000
2024-07-09T07:45:39.177Z info: Server is running on port 3000
2024-07-09T07:48:26.850Z info: Server is running on port 3000
2024-07-09T07:49:09.460Z info: Server is running on port 3000
2024-07-09T07:50:56.525Z info: Server is running on port 3000
2024-07-09T07:51:11.428Z info: Server is running on port 3000
2024-07-09T07:54:43.819Z info: Server is running on port 3000
2024-07-09T07:56:07.437Z info: Server is running on port 3000
2024-07-09T07:56:13.307Z info: Server is running on port 3000
2024-07-09T07:56:16.653Z info: Server is running on port 3000
2024-07-09T07:57:44.407Z error: Error:
2024-07-09T08:06:29.858Z info: Server is running on port 3000
2024-07-09T08:06:49.381Z error: Error:
2024-07-09T08:07:20.076Z info: Server is running on port 3000
2024-07-09T08:08:23.699Z info: Server is running on port 3000
2024-07-09T08:08:28.450Z error: Error:
2024-07-09T08:09:28.394Z info: Server is running on port 3000
2024-07-09T08:10:23.164Z info: Server is running on port 3000
2024-07-09T08:13:59.509Z info: Server is running on port 3000
2024-07-09T08:14:06.038Z info: Server is running on port 3000
2024-07-09T08:14:17.405Z info: Server is running on port 3000
2024-07-09T08:45:58.180Z info: Server is running on port 3000
2024-07-09T08:47:10.875Z info: Server is running on port 3000
2024-07-09T09:00:27.899Z info: Server is running on port 3000
2024-07-09T09:00:58.809Z info: Server is running on port 3000
2024-07-09T09:04:44.773Z info: Server is running on port 3000
2024-07-09T09:09:16.642Z info: Server is running on port 3000
2024-07-09T09:10:32.624Z info: Server is running on port 3000
2024-07-09T09:10:58.455Z info: Server is running on port 3000
2024-07-09T10:13:53.635Z info: Server is running on port 3000
2024-07-09T10:17:18.777Z info: Server is running on port 3000
2024-07-09T10:18:33.149Z info: Server is running on port 3000
2024-07-09T10:18:39.589Z info: Server is running on port 3000
2024-07-09T10:18:41.869Z error: Error:
2024-07-09T10:22:34.495Z info: Server is running on port 3000
2024-07-09T10:22:47.234Z error: Error:
2024-07-09T10:27:54.668Z info: Server is running on port 3000
2024-07-09T10:28:46.516Z info: Server is running on port 3000
2024-07-09T10:29:05.092Z info: Server is running on port 3000
2024-07-09T10:29:17.062Z error: Error:
2024-07-09T10:33:10.222Z info: Server is running on port 3000
2024-07-09T10:34:52.290Z info: Server is running on port 3000
2024-07-09T10:35:10.839Z error: Error:
2024-07-09T10:37:54.852Z info: Server is running on port 3000
2024-07-09T10:38:58.210Z error: Error:
2024-07-09T10:45:13.734Z info: Server is running on port 3000
2024-07-09T10:45:58.315Z info: Server is running on port 3000
2024-07-09T10:46:23.690Z info: Server is running on port 3000
2024-07-09T10:47:12.231Z info: Server is running on port 3000
2024-07-09T10:48:02.776Z info: Server is running on port 3000
2024-07-09T10:49:43.322Z info: Server is running on port 3000
2024-07-09T10:49:46.582Z error: Error:
2024-07-09T10:51:25.207Z info: Server is running on port 3000
2024-07-09T10:51:28.890Z error: Error:
2024-07-09T10:52:19.278Z info: Server is running on port 3000
2024-07-09T10:58:23.991Z info: Server is running on port 3000
2024-07-09T11:00:04.425Z info: Server is running on port 3000
2024-07-09T11:01:08.907Z info: Server is running on port 3000
2024-07-09T11:02:04.303Z info: Server is running on port 3000
2024-07-09T11:02:13.612Z info: Server is running on port 3000
2024-07-09T11:03:28.980Z info: Server is running on port 3000
2024-07-09T11:04:26.055Z info: Server is running on port 3000
2024-07-09T11:06:44.888Z info: Server is running on port 3000
2024-07-09T11:08:11.827Z info: Server is running on port 3000
2024-07-09T11:08:19.712Z info: Server is running on port 3000
2024-07-09T11:09:40.340Z info: Server is running on port 3000
2024-07-09T11:10:35.285Z info: Server is running on port 3000
2024-07-09T11:12:23.169Z info: Server is running on port 3000
2024-07-09T11:15:27.998Z info: Server is running on port 3000
2024-07-09T11:16:28.105Z info: Server is running on port 3000
2024-07-09T11:16:32.685Z info: Server is running on port 3000
2024-07-09T11:21:50.819Z info: Server is running on port 3000
2024-07-09T11:27:55.775Z info: Server is running on port 3000
2024-07-09T11:28:07.384Z info: Server is running on port 3000
2024-07-09T11:28:33.527Z info: Server is running on port 3000
2024-07-09T11:28:49.735Z info: Server is running on port 3000
2024-07-09T11:30:14.572Z info: Server is running on port 3000
2024-07-09T12:09:17.444Z info: Server is running on port 3000
2024-07-09T12:10:24.016Z info: Server is running on port 3000
2024-07-09T12:12:29.249Z info: Server is running on port 3000
2024-07-09T12:15:45.256Z info: Server is running on port 3000
2024-07-09T12:16:23.167Z info: Server is running on port 3000
2024-07-09T12:16:47.439Z info: Server is running on port 3000
2024-07-09T12:19:57.803Z info: Server is running on port 3000
2024-07-09T12:21:47.363Z info: Server is running on port 3000
2024-07-09T12:22:27.247Z info: Server is running on port 3000
2024-07-09T12:22:53.659Z info: Server is running on port 3000
2024-07-09T12:23:32.348Z info: Server is running on port 3000
2024-07-09T12:25:55.769Z info: Server is running on port 3000
2024-07-09T12:27:26.064Z info: Server is running on port 3000
2024-07-09T12:29:42.424Z info: Server is running on port 3000
2024-07-09T12:30:10.752Z info: Server is running on port 3000
2024-07-09T12:30:37.579Z info: Server is running on port 3000
2024-07-09T12:32:36.901Z info: Server is running on port 3000
2024-07-09T12:33:26.032Z info: Server is running on port 3000
2024-07-09T12:35:48.094Z info: Server is running on port 3000
2024-07-09T12:36:20.173Z info: Server is running on port 3000
2024-07-09T12:36:55.256Z info: Server is running on port 3000
2024-07-09T12:37:37.128Z info: Server is running on port 3000
2024-07-09T12:39:19.100Z info: Server is running on port 3000
2024-07-09T12:40:28.769Z info: Server is running on port 3000
2024-07-09T12:44:13.678Z info: Server is running on port 3000
2024-07-09T12:44:43.815Z info: Server is running on port 3000
2024-07-09T12:46:28.620Z info: Server is running on port 3000
2024-07-09T12:47:26.136Z info: Server is running on port 3000
2024-07-09T12:48:53.517Z info: Server is running on port 3000
2024-07-09T12:50:08.375Z info: Server is running on port 3000
2024-07-09T12:53:52.447Z info: Server is running on port 3000
2024-07-09T12:54:13.085Z info: Server is running on port 3000
2024-07-09T12:57:05.492Z info: Server is running on port 3000
2024-07-09T12:57:11.808Z info: Server is running on port 3000
2024-07-09T12:58:57.831Z info: Server is running on port 3000
2024-07-09T13:00:14.061Z info: Server is running on port 3000
2024-07-09T13:02:42.959Z info: Server is running on port 3000
2024-07-09T13:03:42.414Z info: Server is running on port 3000
2024-07-09T13:04:06.350Z info: Server is running on port 3000
2024-07-09T13:06:10.665Z info: Server is running on port 3000
2024-07-09T13:07:36.693Z info: Server is running on port 3000
2024-07-09T13:07:53.157Z info: Server is running on port 3000
2024-07-09T13:11:51.273Z info: Server is running on port 3000
2024-07-09T13:12:33.204Z info: Server is running on port 3000
2024-07-09T13:12:48.336Z info: Server is running on port 3000
2024-07-09T13:13:06.289Z info: Server is running on port 3000
2024-07-09T13:14:18.055Z info: Server is running on port 3000
2024-07-09T13:15:24.241Z info: Server is running on port 3000
2024-07-09T13:15:36.008Z info: Server is running on port 3000
2024-07-09T13:15:54.948Z info: Server is running on port 3000
2024-07-09T13:16:22.436Z info: Server is running on port 3000
2024-07-09T13:17:07.496Z info: Server is running on port 3000
2024-07-09T13:17:20.795Z info: Server is running on port 3000
2024-07-09T13:18:08.255Z info: Server is running on port 3000
2024-07-09T13:18:19.472Z info: Server is running on port 3000
2024-07-09T13:18:45.009Z info: Server is running on port 3000
2024-07-09T13:20:38.021Z info: Server is running on port 3000
2024-07-09T13:23:21.377Z info: Server is running on port 3000
2024-07-09T13:23:59.662Z info: Server is running on port 3000
2024-07-09T13:24:20.628Z info: Server is running on port 3000
2024-07-09T13:24:48.895Z info: Server is running on port 3000
2024-07-09T13:25:32.753Z info: Server is running on port 3000
2024-07-09T13:25:55.882Z info: Server is running on port 3000
2024-07-09T13:27:29.877Z info: Server is running on port 3000
2024-07-09T13:29:43.138Z info: Server is running on port 3000
2024-07-09T13:37:19.204Z info: Server is running on port 3000
2024-07-09T13:41:58.567Z error: Error retrieving token: 
2024-07-09T13:48:10.916Z info: Server is running on port 3000
2024-07-09T13:48:46.300Z error: Error retrieving token: 
2024-07-09T13:50:29.283Z info: Server is running on port 3000
2024-07-09T13:50:33.035Z error: Error retrieving token: 
2024-07-09T13:53:02.453Z info: Server is running on port 3000
2024-07-09T13:53:05.250Z error: Error retrieving token: 
2024-07-09T13:54:16.216Z info: Server is running on port 3000
2024-07-09T13:54:25.972Z info: Server is running on port 3000
2024-07-09T13:54:32.136Z error: Error retrieving token: 
2024-07-09T13:55:48.305Z info: Server is running on port 3000
2024-07-09T13:55:50.074Z error: Error retrieving token: 
2024-07-09T13:57:52.149Z info: Server is running on port 3000
2024-07-09T13:57:54.323Z error: Error retrieving token: 
2024-07-09T14:00:59.869Z error: Error retrieving token: 
2024-07-09T14:01:46.826Z info: Server is running on port 3000
2024-07-09T14:03:44.431Z info: Server is running on port 3000
2024-07-09T14:03:47.432Z error: Error retrieving token: 
2024-07-09T14:05:40.367Z info: Server is running on port 3000
2024-07-09T14:05:42.707Z error: Error retrieving token: 
2024-07-09T14:06:33.425Z info: Server is running on port 3000
2024-07-09T14:06:45.137Z error: Error retrieving token: 
2024-07-10T05:17:48.681Z error: Error retrieving token: 
2024-07-10T05:18:39.315Z info: Server is running on port 3000
2024-07-10T05:18:40.170Z error: Error retrieving token: 
2024-07-10T05:19:23.645Z info: Server is running on port 3000
2024-07-10T05:19:31.595Z error: Error retrieving token: 
2024-07-10T05:21:34.748Z info: Server is running on port 3000
2024-07-10T05:21:53.656Z info: Server is running on port 3000
2024-07-10T05:22:04.376Z error: Error retrieving token: 
2024-07-10T05:25:21.630Z info: Server is running on port 3000
2024-07-10T05:25:48.948Z info: Server is running on port 3000
2024-07-10T05:25:55.761Z error: Error retrieving token: 
2024-07-10T05:26:51.803Z info: Server is running on port 3000
2024-07-10T05:26:59.378Z error: Error retrieving token: 
2024-07-10T05:32:34.487Z info: Server is running on port 3000
2024-07-10T05:38:25.644Z info: Server is running on port 3000
2024-07-10T05:39:15.439Z info: Server is running on port 3000
2024-07-10T05:43:28.251Z info: Server is running on port 3000
2024-07-10T05:50:42.984Z info: Server is running on port 3000
2024-07-10T05:53:30.107Z info: Server is running on port 3000
2024-07-10T05:54:43.846Z info: Server is running on port 3000
2024-07-10T05:55:22.943Z info: Server is running on port 3000
2024-07-10T05:56:51.095Z info: Server is running on port 3000
2024-07-10T06:00:12.640Z info: Server is running on port 3000
2024-07-10T06:02:36.062Z info: Server is running on port 3000
2024-07-10T06:06:13.140Z info: Server is running on port 3000
2024-07-10T06:08:47.413Z info: Server is running on port 3000
2024-07-10T06:15:50.922Z info: Server is running on port 3000
2024-07-10T06:19:03.147Z info: Server is running on port 3000
2024-07-10T06:20:19.937Z info: Server is running on port 3000
2024-07-10T06:20:36.363Z info: Server is running on port 3000
2024-07-10T06:24:21.317Z info: Server is running on port 3000
2024-07-10T06:30:05.840Z info: Server is running on port 3000
2024-07-10T06:33:27.090Z info: Server is running on port 3000
2024-07-10T06:34:26.769Z info: Server is running on port 3000
2024-07-10T06:41:15.944Z info: Server is running on port 3000
2024-07-10T08:43:53.002Z info: Server is running on port 3000
2024-07-10T08:56:16.524Z info: Server is running on port 3000
2024-07-10T10:59:42.033Z info: Server is running on port 3000
2024-07-10T12:01:35.571Z info: Server is running on port 3000
2024-07-10T12:03:23.599Z info: Server is running on port 3000
2024-07-10T12:18:15.644Z info: Server is running on port 3000
2024-07-10T12:19:47.191Z info: Server is running on port 3000
2024-07-10T12:31:51.488Z info: Server is running on port 3000
2024-07-10T12:36:43.185Z info: Server is running on port 3000
2024-07-10T12:43:00.039Z info: Server is running on port 3000
2024-07-10T12:44:55.871Z info: Server is running on port 3000
2024-07-10T13:03:53.616Z info: Server is running on port 3000
2024-07-10T13:09:06.235Z info: Server is running on port 3000
2024-07-10T13:20:27.120Z info: Server is running on port 3000
2024-07-11T06:33:41.058Z info: Server is running on port 3000
2024-07-11T06:36:51.360Z info: Server is running on port 3000
2024-07-11T06:39:04.551Z info: Server is running on port 3000
2024-07-11T07:00:52.119Z info: Server is running on port 3000
2024-07-11T07:01:35.291Z info: Server is running on port 3000
2024-07-11T07:07:58.410Z info: Server is running on port 3000
2024-07-11T07:19:12.997Z info: Server is running on port 3000
2024-07-11T07:20:30.404Z info: Server is running on port 3000
2024-07-11T07:22:59.819Z info: Server is running on port 3000
2024-07-11T07:24:10.622Z info: Server is running on port 3000
2024-07-11T07:25:22.007Z info: Server is running on port 3000
2024-07-11T07:26:43.746Z info: Server is running on port 3000
2024-07-11T07:28:16.995Z info: Server is running on port 3000
2024-07-11T07:35:32.206Z info: Server is running on port 3000
2024-07-11T07:36:33.195Z info: Server is running on port 3000
2024-07-11T07:37:20.137Z info: Server is running on port 3000
2024-07-11T07:40:23.717Z info: Server is running on port 3000
2024-07-11T07:42:06.742Z info: Server is running on port 3000
2024-07-11T07:43:02.911Z info: Server is running on port 3000
2024-07-11T07:45:00.564Z info: Server is running on port 3000
2024-07-11T07:55:31.542Z info: Server is running on port 3000
2024-07-11T07:56:02.576Z info: Server is running on port 3000
2024-07-11T08:04:45.793Z info: Server is running on port 3000
2024-07-11T08:06:06.244Z info: Server is running on port 3000
2024-07-11T08:06:09.267Z info: Server is running on port 3000
2024-07-11T08:07:42.600Z info: Server is running on port 3000
2024-07-11T08:09:46.554Z info: Server is running on port 3000
2024-07-11T08:10:15.835Z info: Server is running on port 3000
2024-07-11T08:11:15.039Z info: Server is running on port 3000
2024-07-11T08:11:54.067Z info: Server is running on port 3000
2024-07-11T08:12:48.966Z info: Server is running on port 3000
2024-07-11T08:14:57.860Z info: Server is running on port 3000
2024-07-11T08:15:28.305Z info: Server is running on port 3000
2024-07-11T08:15:52.181Z info: Server is running on port 3000
2024-07-11T08:18:07.597Z info: Server is running on port 3000
2024-07-11T08:23:54.034Z info: Server is running on port 3000
2024-07-11T08:27:19.463Z info: Server is running on port 3000
2024-07-11T08:33:39.529Z info: Server is running on port 3000
2024-07-11T08:34:03.902Z info: Server is running on port 3000
2024-07-11T08:42:27.796Z info: Server is running on port 3000
2024-07-11T08:45:30.238Z info: Server is running on port 3000
2024-07-11T08:53:50.765Z info: Server is running on port 3000
2024-07-11T09:03:17.365Z info: Server is running on port 3000
2024-07-11T09:04:15.150Z info: Server is running on port 3000
2024-07-11T09:04:42.593Z info: Server is running on port 3000
2024-07-11T10:12:16.453Z info: Server is running on port 3000
2024-07-11T10:14:22.204Z info: Server is running on port 3000
2024-07-11T10:22:38.101Z info: Server is running on port 3000
2024-07-11T10:24:08.272Z info: Server is running on port 3000
2024-07-11T10:24:57.665Z info: Server is running on port 3000
2024-07-11T10:27:17.954Z info: Server is running on port 3000
2024-07-11T10:27:48.442Z info: Server is running on port 3000
2024-07-11T10:32:54.606Z info: Server is running on port 3000
2024-07-11T10:36:57.550Z info: Server is running on port 3000
2024-07-11T10:38:56.918Z info: Server is running on port 3000
2024-07-11T10:41:07.400Z info: Server is running on port 3000
2024-07-11T10:42:00.492Z info: Server is running on port 3000
2024-07-11T11:34:42.299Z info: Server is running on port 3000
2024-07-11T11:35:46.273Z info: Server is running on port 3000
2024-07-11T11:40:18.814Z info: Server is running on port 3000
2024-07-11T11:45:08.547Z info: Server is running on port 3000
2024-07-11T11:45:54.860Z info: Server is running on port 3000
2024-07-11T11:46:25.303Z info: Server is running on port 3000
2024-07-11T11:48:39.413Z info: Server is running on port 3000
2024-07-11T11:48:52.213Z info: Server is running on port 3000
2024-07-11T11:50:12.734Z info: Server is running on port 3000
2024-07-11T11:52:29.087Z info: Server is running on port 3000
2024-07-11T11:52:54.994Z info: Server is running on port 3000
2024-07-11T11:54:27.071Z info: Server is running on port 3000
2024-07-11T11:58:26.694Z info: Server is running on port 3000
2024-07-11T11:59:34.520Z info: Server is running on port 3000
2024-07-11T12:00:32.465Z info: Server is running on port 3000
2024-07-16T05:48:03.287Z info: Server is running on port 3000
